Using pre-set license
Built from '2020.3/staging' branch; Version is '2020.3.21f1 (a38c86f6690f) revision 10718342'; Using compiler version '192528614'; Build Type 'Release'
OS: 'Windows 10 Pro; OS build 19045.2486; Version 2009; 64bit' Language: 'en' Physical Memory: 12169 MB
BatchMode: 1, IsHumanControllingUs: 0, StartBugReporterOnCrash: 0, Is64bit: 1, IsPro: 0

COMMAND LINE ARGUMENTS:
C:\Program Files\Unity\Hub\Editor\2020.3.21f1\Editor\Unity.exe
-adb2
-batchMode
-noUpm
-name
AssetImportWorker0
-projectPath
D:/Viettel/ToolPackages/StringExtensions
-logFile
Logs/AssetImportWorker0.log
-srvPort
50226
Successfully changed project path to: D:/Viettel/ToolPackages/StringExtensions
D:/Viettel/ToolPackages/StringExtensions
Using Asset Import Pipeline V2.
Refreshing native plugins compatible for Editor in 33.98 ms, found 2 plugins.
Preloading 0 native plugins for Editor in 0.00 ms.
Initialize engine version: 2020.3.21f1 (a38c86f6690f)
[Subsystems] Discovering subsystems at path C:/Program Files/Unity/Hub/Editor/2020.3.21f1/Editor/Data/Resources/UnitySubsystems
[Subsystems] Discovering subsystems at path D:/Viettel/ToolPackages/StringExtensions/Assets
GfxDevice: creating device client; threaded=0
Direct3D:
    Version:  Direct3D 11.0 [level 11.1]
    Renderer: Microsoft Basic Render Driver (ID=0x8c)
    Vendor:   
    VRAM:     6084 MB
Initialize mono
Mono path[0] = 'C:/Program Files/Unity/Hub/Editor/2020.3.21f1/Editor/Data/Managed'
Mono path[1] = 'C:/Program Files/Unity/Hub/Editor/2020.3.21f1/Editor/Data/MonoBleedingEdge/lib/mono/unityjit'
Mono config path = 'C:/Program Files/Unity/Hub/Editor/2020.3.21f1/Editor/Data/MonoBleedingEdge/etc'
Using monoOptions --debugger-agent=transport=dt_socket,embedding=1,server=y,suspend=n,address=127.0.0.1:56840
Begin MonoManager ReloadAssembly
Registering precompiled unity dll's ...
Register platform support module: C:/Program Files/Unity/Hub/Editor/2020.3.21f1/Editor/Data/PlaybackEngines/WindowsStandaloneSupport/UnityEditor.WindowsStandalone.Extensions.dll
Register platform support module: C:/Program Files/Unity/Hub/Editor/2020.3.21f1/Editor/Data/PlaybackEngines/LuminSupport/UnityEditor.Lumin.Extensions.dll
Registered in 0.003202 seconds.
Native extension for Lumin target not found
Native extension for WindowsStandalone target not found
Refreshing native plugins compatible for Editor in 33.03 ms, found 2 plugins.
Preloading 0 native plugins for Editor in 0.00 ms.
Mono: successfully reloaded assembly
- Completed reload, in  2.557 seconds
Domain Reload Profiling:
	ReloadAssembly (2557ms)
		BeginReloadAssembly (60ms)
			ExecutionOrderSort (0ms)
			DisableScriptedObjects (0ms)
			BackupInstance (0ms)
			ReleaseScriptingObjects (0ms)
			CreateAndSetChildDomain (1ms)
		EndReloadAssembly (513ms)
			LoadAssemblies (58ms)
			RebuildTransferFunctionScriptingTraits (0ms)
			SetupTypeCache (183ms)
			ReleaseScriptCaches (0ms)
			RebuildScriptCaches (34ms)
			SetupLoadedEditorAssemblies (171ms)
				LogAssemblyErrors (0ms)
				InitializePlatformSupportModulesInManaged (5ms)
				SetLoadedEditorAssemblies (0ms)
				RefreshPlugins (33ms)
				BeforeProcessingInitializeOnLoad (13ms)
				ProcessInitializeOnLoadAttributes (89ms)
				ProcessInitializeOnLoadMethodAttributes (30ms)
				AfterProcessingInitializeOnLoad (0ms)
				EditorAssembliesLoaded (0ms)
			ExecutionOrderSort2 (0ms)
			AwakeInstancesAfterBackupRestoration (0ms)
Platform modules already initialized, skipping
Registering precompiled user dll's ...
Registered in 0.004114 seconds.
Begin MonoManager ReloadAssembly
Native extension for Lumin target not found
Native extension for WindowsStandalone target not found
Refreshing native plugins compatible for Editor in 0.35 ms, found 2 plugins.
Preloading 0 native plugins for Editor in 0.00 ms.
Mono: successfully reloaded assembly
- Completed reload, in  1.147 seconds
Domain Reload Profiling:
	ReloadAssembly (1148ms)
		BeginReloadAssembly (166ms)
			ExecutionOrderSort (0ms)
			DisableScriptedObjects (5ms)
			BackupInstance (0ms)
			ReleaseScriptingObjects (0ms)
			CreateAndSetChildDomain (21ms)
		EndReloadAssembly (913ms)
			LoadAssemblies (91ms)
			RebuildTransferFunctionScriptingTraits (0ms)
			SetupTypeCache (311ms)
			ReleaseScriptCaches (0ms)
			RebuildScriptCaches (45ms)
			SetupLoadedEditorAssemblies (369ms)
				LogAssemblyErrors (0ms)
				InitializePlatformSupportModulesInManaged (6ms)
				SetLoadedEditorAssemblies (0ms)
				RefreshPlugins (0ms)
				BeforeProcessingInitializeOnLoad (87ms)
				ProcessInitializeOnLoadAttributes (256ms)
				ProcessInitializeOnLoadMethodAttributes (12ms)
				AfterProcessingInitializeOnLoad (7ms)
				EditorAssembliesLoaded (0ms)
			ExecutionOrderSort2 (0ms)
			AwakeInstancesAfterBackupRestoration (7ms)
Platform modules already initialized, skipping
========================================================================
Worker process is ready to serve import requests
Launched and connected shader compiler UnityShaderCompiler.exe after 0.05 seconds
Refreshing native plugins compatible for Editor in 0.33 ms, found 2 plugins.
Preloading 0 native plugins for Editor in 0.00 ms.
Unloading 1508 Unused Serialized files (Serialized files now loaded: 0)
System memory in use before: 67.7 MB.
System memory in use after: 67.8 MB.

Unloading 19 unused Assets to reduce memory usage. Loaded Objects now: 1940.
Total: 3.776100 ms (FindLiveObjects: 0.141200 ms CreateObjectMapping: 0.043700 ms MarkObjects: 3.481600 ms  DeleteObjects: 0.108300 ms)

AssetImportParameters requested are different than current active one (requested -> active):
  custom:framework-win-MediaFoundation: 216162199b28c13a410421893ffa2e32 -> 
  custom:video-decoder-ogg-theora: a1e56fd34408186e4bbccfd4996cb3dc -> 
  custom:container-muxer-webm: aa71ff27fc2769a1b78a27578f13a17b -> 
  custom:container-demuxer-webm: 4f35f7cbe854078d1ac9338744f61a02 -> 
  custom:container-demuxer-ogg: 62fdf1f143b41e24485cea50d1cbac27 -> 
  custom:video-encoder-webm-vp8: eb34c28f22e8b96e1ab97ce403110664 -> 
  custom:video-decoder-webm-vp8: 9c59270c3fd7afecdb556c50c9e8de78 -> 
  custom:audio-decoder-ogg-vorbis: bf7c407c2cedff20999df2af8eb42d56 -> 
  custom:audio-encoder-webm-vorbis: bf7c407c2cedff20999df2af8eb42d56 -> 
========================================================================
Received Import Request.
  path: Assets/Resources/Experience/Label_Clicked.png
  artifactKey: Guid(c86b6769dc5c2c646ba4f8218daad26b) Importer(815301076,1909f56bfc062723c751e8b465ee728b)
Start importing Assets/Resources/Experience/Label_Clicked.png using Guid(c86b6769dc5c2c646ba4f8218daad26b) Importer(815301076,1909f56bfc062723c751e8b465ee728b)  -> (artifact id: '40e9e3f705726becb295851868ee4338') in 0.143311 seconds 
  Import took 0.145964 seconds .

========================================================================
Received Import Request.
  Time since last request: 0.000246 seconds.
  path: Assets/Resources/Experience/Xray_Unclicked.png
  artifactKey: Guid(00563fcb0af5288409ece24f4a0e5b27) Importer(815301076,1909f56bfc062723c751e8b465ee728b)
Start importing Assets/Resources/Experience/Xray_Unclicked.png using Guid(00563fcb0af5288409ece24f4a0e5b27) Importer(815301076,1909f56bfc062723c751e8b465ee728b)  -> (artifact id: '6f9e78f6045569688bb76ac6d4b6f27d') in 0.044701 seconds 
  Import took 0.047604 seconds .

========================================================================
Received Import Request.
  Time since last request: 0.000305 seconds.
  path: Assets/Resources/Experience/Animation 1.png
  artifactKey: Guid(f70011e2b56190045a69e9a42da8129f) Importer(815301076,1909f56bfc062723c751e8b465ee728b)
Start importing Assets/Resources/Experience/Animation 1.png using Guid(f70011e2b56190045a69e9a42da8129f) Importer(815301076,1909f56bfc062723c751e8b465ee728b)  -> (artifact id: 'aacd7557d508f62f3eaaae5bf427b392') in 0.062939 seconds 
  Import took 0.069289 seconds .

========================================================================
Received Import Request.
  Time since last request: 0.000272 seconds.
  path: Assets/Resources/Experience/Separate_Unclicked.png
  artifactKey: Guid(e740729b0b234fb4f80df6435ab84e37) Importer(815301076,1909f56bfc062723c751e8b465ee728b)
Start importing Assets/Resources/Experience/Separate_Unclicked.png using Guid(e740729b0b234fb4f80df6435ab84e37) Importer(815301076,1909f56bfc062723c751e8b465ee728b)  -> (artifact id: 'a2298718d407337bc8eb355cea165009') in 0.058930 seconds 
  Import took 0.063030 seconds .

========================================================================
Received Import Request.
  Time since last request: 0.000843 seconds.
  path: Assets/Resources/Experience/Label_Unclicked.png
  artifactKey: Guid(7ab95896cd2a0d645b9620615ad11355) Importer(815301076,1909f56bfc062723c751e8b465ee728b)
Start importing Assets/Resources/Experience/Label_Unclicked.png using Guid(7ab95896cd2a0d645b9620615ad11355) Importer(815301076,1909f56bfc062723c751e8b465ee728b)  -> (artifact id: 'b06fd81f2d2d722a6145e04b77ef3cbe') in 0.095566 seconds 
  Import took 0.103006 seconds .

========================================================================
Received Import Request.
  Time since last request: 0.010275 seconds.
  path: Assets/Resources/Experience/Hold_Clicked.png
  artifactKey: Guid(45481d5132373054a9e9fa012f2c1576) Importer(815301076,1909f56bfc062723c751e8b465ee728b)
Start importing Assets/Resources/Experience/Hold_Clicked.png using Guid(45481d5132373054a9e9fa012f2c1576) Importer(815301076,1909f56bfc062723c751e8b465ee728b)  -> (artifact id: 'e5a33efdbabe6aaeaa9ebdceab4870e7') in 0.158483 seconds 
  Import took 0.170548 seconds .

========================================================================
Received Import Request.
  Time since last request: 0.000315 seconds.
  path: Assets/Resources/Experience/Animation_Unclicked.png
  artifactKey: Guid(444f29b9e717f8140acdc568bb886755) Importer(815301076,1909f56bfc062723c751e8b465ee728b)
Start importing Assets/Resources/Experience/Animation_Unclicked.png using Guid(444f29b9e717f8140acdc568bb886755) Importer(815301076,1909f56bfc062723c751e8b465ee728b)  -> (artifact id: 'a06753121f6a9d16e19c731154727bf7') in 0.049203 seconds 
  Import took 0.072134 seconds .

========================================================================
Received Import Request.
  Time since last request: 0.019668 seconds.
  path: Assets/Resources/Experience/Hold_Unclicked.png
  artifactKey: Guid(a1f5c8b36b23c2943b6689b11cae775c) Importer(815301076,1909f56bfc062723c751e8b465ee728b)
Start importing Assets/Resources/Experience/Hold_Unclicked.png using Guid(a1f5c8b36b23c2943b6689b11cae775c) Importer(815301076,1909f56bfc062723c751e8b465ee728b)  -> (artifact id: 'd96834c0f66ca5df1f0da408ee67bf2c') in 0.063614 seconds 
  Import took 0.101230 seconds .

========================================================================
Received Import Request.
  Time since last request: 0.000821 seconds.
  path: Assets/Resources/Experience/Xray_Clicked.png
  artifactKey: Guid(a0a49128dc2c1d84f9cf35dff04d48e3) Importer(815301076,1909f56bfc062723c751e8b465ee728b)
Start importing Assets/Resources/Experience/Xray_Clicked.png using Guid(a0a49128dc2c1d84f9cf35dff04d48e3) Importer(815301076,1909f56bfc062723c751e8b465ee728b)  -> (artifact id: 'd46104ad6163d430efedda5a44c92358') in 0.096364 seconds 
  Import took 0.118841 seconds .

========================================================================
Received Import Request.
  Time since last request: 0.010854 seconds.
  path: Assets/Materials/CubeRed.mat
  artifactKey: Guid(6eafa09d398b0f840b4406a705b3775b) Importer(815301076,1909f56bfc062723c751e8b465ee728b)
Start importing Assets/Materials/CubeRed.mat using Guid(6eafa09d398b0f840b4406a705b3775b) Importer(815301076,1909f56bfc062723c751e8b465ee728b)  -> (artifact id: 'cd21094b5d52fc29541284d958cd29dd') in 0.149791 seconds 
  Import took 0.155468 seconds .

========================================================================
Received Import Request.
  Time since last request: 4.851314 seconds.
  path: Packages/com.viettel.string-extensions/Runtime/ExperienceManager.cs
  artifactKey: Guid(64e94e6b951f78d4aae2e5da9d3b6a8e) Importer(815301076,1909f56bfc062723c751e8b465ee728b)
Start importing Packages/com.viettel.string-extensions/Runtime/ExperienceManager.cs using Guid(64e94e6b951f78d4aae2e5da9d3b6a8e) Importer(815301076,1909f56bfc062723c751e8b465ee728b)  -> (artifact id: '78780a0795684a32d10628c7d00fca96') in 0.018494 seconds 
  Import took 0.021880 seconds .

========================================================================
Received Prepare
Registering precompiled user dll's ...
Registered in 0.005177 seconds.
Begin MonoManager ReloadAssembly
Native extension for Lumin target not found
Native extension for WindowsStandalone target not found
Refreshing native plugins compatible for Editor in 0.44 ms, found 2 plugins.
Preloading 0 native plugins for Editor in 0.00 ms.
Mono: successfully reloaded assembly
- Completed reload, in  1.427 seconds
Domain Reload Profiling:
	ReloadAssembly (1429ms)
		BeginReloadAssembly (394ms)
			ExecutionOrderSort (0ms)
			DisableScriptedObjects (14ms)
			BackupInstance (0ms)
			ReleaseScriptingObjects (0ms)
			CreateAndSetChildDomain (255ms)
		EndReloadAssembly (965ms)
			LoadAssemblies (114ms)
			RebuildTransferFunctionScriptingTraits (0ms)
			SetupTypeCache (383ms)
			ReleaseScriptCaches (1ms)
			RebuildScriptCaches (41ms)
			SetupLoadedEditorAssemblies (301ms)
				LogAssemblyErrors (0ms)
				InitializePlatformSupportModulesInManaged (7ms)
				SetLoadedEditorAssemblies (1ms)
				RefreshPlugins (0ms)
				BeforeProcessingInitializeOnLoad (84ms)
				ProcessInitializeOnLoadAttributes (193ms)
				ProcessInitializeOnLoadMethodAttributes (9ms)
				AfterProcessingInitializeOnLoad (7ms)
				EditorAssembliesLoaded (0ms)
			ExecutionOrderSort2 (0ms)
			AwakeInstancesAfterBackupRestoration (7ms)
Platform modules already initialized, skipping
Switching build target platform(19) subTarget(0) extendedPlatform(0) -> platform(13) subTarget(537395200) extendedPlatform(0)
Refreshing native plugins compatible for Editor in 0.35 ms, found 2 plugins.
Preloading 0 native plugins for Editor in 0.00 ms.
Unloading 1505 Unused Serialized files (Serialized files now loaded: 0)
System memory in use before: 70.9 MB.
System memory in use after: 71.0 MB.

Unloading 14 unused Assets to reduce memory usage. Loaded Objects now: 1987.
Total: 3.275300 ms (FindLiveObjects: 0.156100 ms CreateObjectMapping: 0.054000 ms MarkObjects: 3.042000 ms  DeleteObjects: 0.021900 ms)

AssetImportParameters requested are different than current active one (requested -> active):
  custom:framework-win-MediaFoundation: 216162199b28c13a410421893ffa2e32 -> 
  custom:video-decoder-ogg-theora: a1e56fd34408186e4bbccfd4996cb3dc -> 
  custom:container-muxer-webm: aa71ff27fc2769a1b78a27578f13a17b -> 
  custom:container-demuxer-webm: 4f35f7cbe854078d1ac9338744f61a02 -> 
  custom:container-demuxer-ogg: 62fdf1f143b41e24485cea50d1cbac27 -> 
  custom:video-encoder-webm-vp8: eb34c28f22e8b96e1ab97ce403110664 -> 
  custom:video-decoder-webm-vp8: 9c59270c3fd7afecdb556c50c9e8de78 -> 
  custom:graphics/normal-map-encoding: 01000000000000000000000000000000 -> 02000000000000000000000000000000
  custom:audio-decoder-ogg-vorbis: bf7c407c2cedff20999df2af8eb42d56 -> 
  custom:audio-encoder-webm-vorbis: bf7c407c2cedff20999df2af8eb42d56 -> 
========================================================================
Received Prepare
Registering precompiled user dll's ...
Registered in 0.003642 seconds.
Begin MonoManager ReloadAssembly
Native extension for Lumin target not found
Native extension for WindowsStandalone target not found
Refreshing native plugins compatible for Editor in 0.45 ms, found 2 plugins.
Preloading 0 native plugins for Editor in 0.00 ms.
Mono: successfully reloaded assembly
- Completed reload, in  1.729 seconds
Domain Reload Profiling:
	ReloadAssembly (1732ms)
		BeginReloadAssembly (224ms)
			ExecutionOrderSort (0ms)
			DisableScriptedObjects (14ms)
			BackupInstance (0ms)
			ReleaseScriptingObjects (0ms)
			CreateAndSetChildDomain (97ms)
		EndReloadAssembly (1306ms)
			LoadAssemblies (209ms)
			RebuildTransferFunctionScriptingTraits (0ms)
			SetupTypeCache (538ms)
			ReleaseScriptCaches (2ms)
			RebuildScriptCaches (70ms)
			SetupLoadedEditorAssemblies (322ms)
				LogAssemblyErrors (0ms)
				InitializePlatformSupportModulesInManaged (6ms)
				SetLoadedEditorAssemblies (1ms)
				RefreshPlugins (1ms)
				BeforeProcessingInitializeOnLoad (93ms)
				ProcessInitializeOnLoadAttributes (204ms)
				ProcessInitializeOnLoadMethodAttributes (11ms)
				AfterProcessingInitializeOnLoad (7ms)
				EditorAssembliesLoaded (0ms)
			ExecutionOrderSort2 (0ms)
			AwakeInstancesAfterBackupRestoration (9ms)
Platform modules already initialized, skipping
Switching build target platform(19) subTarget(0) extendedPlatform(0) -> platform(13) subTarget(537395200) extendedPlatform(0)
Refreshing native plugins compatible for Editor in 0.34 ms, found 2 plugins.
Preloading 0 native plugins for Editor in 0.00 ms.
Unloading 1505 Unused Serialized files (Serialized files now loaded: 0)
System memory in use before: 70.9 MB.
System memory in use after: 71.0 MB.

Unloading 14 unused Assets to reduce memory usage. Loaded Objects now: 1989.
Total: 3.410700 ms (FindLiveObjects: 0.149900 ms CreateObjectMapping: 0.051000 ms MarkObjects: 3.158400 ms  DeleteObjects: 0.050400 ms)

AssetImportParameters requested are different than current active one (requested -> active):
  custom:framework-win-MediaFoundation: 216162199b28c13a410421893ffa2e32 -> 
  custom:video-decoder-ogg-theora: a1e56fd34408186e4bbccfd4996cb3dc -> 
  custom:container-muxer-webm: aa71ff27fc2769a1b78a27578f13a17b -> 
  custom:container-demuxer-webm: 4f35f7cbe854078d1ac9338744f61a02 -> 
  custom:container-demuxer-ogg: 62fdf1f143b41e24485cea50d1cbac27 -> 
  custom:video-encoder-webm-vp8: eb34c28f22e8b96e1ab97ce403110664 -> 
  custom:video-decoder-webm-vp8: 9c59270c3fd7afecdb556c50c9e8de78 -> 
  custom:graphics/normal-map-encoding: 01000000000000000000000000000000 -> 02000000000000000000000000000000
  custom:audio-decoder-ogg-vorbis: bf7c407c2cedff20999df2af8eb42d56 -> 
  custom:audio-encoder-webm-vorbis: bf7c407c2cedff20999df2af8eb42d56 -> 
AssetImportWorkerClient::OnTransportError - code=2 error=End of file
